<?xml version="1.0" encoding="UTF-8"?>
<!-- Generated by org.testng.reporters.JUnitXMLReporter -->
<testsuite ignored="0" hostname="LAPTOP-4CU33POQ" failures="0" tests="6" name="LoginTest" time="0.054" errors="0" timestamp="2023-03-16T21:03:27 EDT">
  <testcase classname="testNGAnnotations.BaseTest" name="m1" time="0.004"/>
  <testcase classname="testNGAnnotations.BaseTest" name="m3" time="0.001"/>
  <testcase classname="testNGAnnotations.LoginWithBeforeClass" name="m1" time="0.0"/>
  <testcase classname="testNGAnnotations.LoginWithBeforeClass" name="m3" time="0.001"/>
  <testcase classname="testNGAnnotations.LoginWithBeforeTest" name="m1" time="0.001"/>
  <testcase classname="testNGAnnotations.LoginWithBeforeTest" name="m3" time="0.001"/>
</testsuite> <!-- LoginTest -->
