<?xml version="1.0" encoding="UTF-8"?>
<testng-results ignored="0" total="2" passed="2" failed="0" skipped="0">
  <reporter-output>
  </reporter-output>
  <suite started-at="2023-03-19T10:52:33 EDT" name="Default suite" finished-at="2023-03-19T10:52:33 EDT" duration-ms="44">
    <groups>
    </groups>
    <test started-at="2023-03-19T10:52:33 EDT" name="Default test" finished-at="2023-03-19T10:52:33 EDT" duration-ms="44">
      <class name="testNGAnnotations.LoginWithBeforeTest">
        <test-method is-config="true" signature="openApp()[pri:0, instance:testNGAnnotations.LoginWithBeforeTest@3023df74]" started-at="2023-03-19T10:52:33 EDT" name="openApp" finished-at="2023-03-19T10:52:33 EDT" duration-ms="9" status="PASS">
          <reporter-output>
          </reporter-output>
        </test-method> <!-- openApp -->
        <test-method signature="m1()[pri:0, instance:testNGAnnotations.LoginWithBeforeTest@3023df74]" started-at="2023-03-19T10:52:33 EDT" name="m1" finished-at="2023-03-19T10:52:33 EDT" duration-ms="7" status="PASS">
          <reporter-output>
          </reporter-output>
        </test-method> <!-- m1 -->
        <test-method signature="m3()[pri:0, instance:testNGAnnotations.LoginWithBeforeTest@3023df74]" started-at="2023-03-19T10:52:33 EDT" name="m3" finished-at="2023-03-19T10:52:33 EDT" duration-ms="1" status="PASS">
          <reporter-output>
          </reporter-output>
        </test-method> <!-- m3 -->
        <test-method is-config="true" signature="closeApp()[pri:0, instance:testNGAnnotations.LoginWithBeforeTest@3023df74]" started-at="2023-03-19T10:52:33 EDT" name="closeApp" finished-at="2023-03-19T10:52:33 EDT" duration-ms="0" status="PASS">
          <reporter-output>
          </reporter-output>
        </test-method> <!-- closeApp -->
      </class> <!-- testNGAnnotations.LoginWithBeforeTest -->
    </test> <!-- Default test -->
  </suite> <!-- Default suite -->
</testng-results>
