<?xml version="1.0" encoding="UTF-8"?>
<!-- Generated by org.testng.reporters.JUnitXMLReporter -->
<testsuite ignored="0" hostname="LAPTOP-4CU33POQ" failures="0" tests="4" name="LoginWithBeforeClass" time="0.047" errors="0" timestamp="2023-03-16T20:56:43 EDT">
  <testcase classname="testNGAnnotations.LoginWithBeforeClass" name="m1" time="0.003"/>
  <testcase classname="testNGAnnotations.LoginWithBeforeClass" name="m3" time="0.002"/>
  <testcase classname="testNGAnnotations.LoginWithBeforeTest" name="m1" time="0.001"/>
  <testcase classname="testNGAnnotations.LoginWithBeforeTest" name="m3" time="0.001"/>
</testsuite> <!-- LoginWithBeforeClass -->
